CRITICAL - 2022-02-28 07:03:16 --> Undefined variable $name
#0 C:\Tekweb\ejurnal\app\Views\SM\VLSub.php(7): CodeIgniter\Debug\Exceptions->errorHandler(2, 'Undefined varia...', 'C:\\Tekweb\\ejurn...', 7)
#1 C:\Tekweb\ejurnal\system\View\View.php(210): include('C:\\Tekweb\\ejurn...')
#2 C:\Tekweb\ejurnal\system\View\View.php(213): CodeIgniter\View\View->CodeIgniter\View\{closure}()
#3 C:\Tekweb\ejurnal\system\Common.php(1089): CodeIgniter\View\View->render('SM\\VLSub', Array, true)
#4 C:\Tekweb\ejurnal\app\Controllers\SubmitManuscript.php(10): view('SM\\VLSub', Array)
#5 C:\Tekweb\ejurnal\system\CodeIgniter.php(825): App\Controllers\SubmitManuscript->ViewListSubmissions()
#6 C:\Tekweb\ejurnal\system\CodeIgniter.php(412): CodeIgniter\CodeIgniter->runController(Object(App\Controllers\SubmitManuscript))
#7 C:\Tekweb\ejurnal\system\CodeIgniter.php(320): CodeIgniter\CodeIgniter->handleRequest(NULL, Object(Config\Cache), false)
#8 C:\Tekweb\ejurnal\public\index.php(37): CodeIgniter\CodeIgniter->run()
#9 C:\Tekweb\ejurnal\system\Commands\Server\rewrite.php(43): require_once('C:\\Tekweb\\ejurn...')
#10 {main}
CRITICAL - 2022-02-28 07:04:27 --> Undefined variable $name
#0 C:\Tekweb\ejurnal\app\Views\SM\VLSub.php(7): CodeIgniter\Debug\Exceptions->errorHandler(2, 'Undefined varia...', 'C:\\Tekweb\\ejurn...', 7)
#1 C:\Tekweb\ejurnal\system\View\View.php(210): include('C:\\Tekweb\\ejurn...')
#2 C:\Tekweb\ejurnal\system\View\View.php(213): CodeIgniter\View\View->CodeIgniter\View\{closure}()
#3 C:\Tekweb\ejurnal\system\Common.php(1089): CodeIgniter\View\View->render('SM\\VLSub', Array, true)
#4 C:\Tekweb\ejurnal\app\Controllers\SubmitManuscript.php(10): view('SM\\VLSub', Array)
#5 C:\Tekweb\ejurnal\system\CodeIgniter.php(825): App\Controllers\SubmitManuscript->ViewListSubmissions()
#6 C:\Tekweb\ejurnal\system\CodeIgniter.php(412): CodeIgniter\CodeIgniter->runController(Object(App\Controllers\SubmitManuscript))
#7 C:\Tekweb\ejurnal\system\CodeIgniter.php(320): CodeIgniter\CodeIgniter->handleRequest(NULL, Object(Config\Cache), false)
#8 C:\Tekweb\ejurnal\public\index.php(37): CodeIgniter\CodeIgniter->run()
#9 C:\Tekweb\ejurnal\system\Commands\Server\rewrite.php(43): require_once('C:\\Tekweb\\ejurn...')
#10 {main}
CRITICAL - 2022-02-28 07:05:18 --> Undefined variable $name
#0 C:\Tekweb\ejurnal\app\Views\SM\VLSub.php(7): CodeIgniter\Debug\Exceptions->errorHandler(2, 'Undefined varia...', 'C:\\Tekweb\\ejurn...', 7)
#1 C:\Tekweb\ejurnal\system\View\View.php(210): include('C:\\Tekweb\\ejurn...')
#2 C:\Tekweb\ejurnal\system\View\View.php(213): CodeIgniter\View\View->CodeIgniter\View\{closure}()
#3 C:\Tekweb\ejurnal\system\Common.php(1089): CodeIgniter\View\View->render('SM\\VLSub', Array, true)
#4 C:\Tekweb\ejurnal\app\Controllers\SubmitManuscript.php(10): view('SM\\VLSub', Array)
#5 C:\Tekweb\ejurnal\system\CodeIgniter.php(825): App\Controllers\SubmitManuscript->ViewListSubmissions()
#6 C:\Tekweb\ejurnal\system\CodeIgniter.php(412): CodeIgniter\CodeIgniter->runController(Object(App\Controllers\SubmitManuscript))
#7 C:\Tekweb\ejurnal\system\CodeIgniter.php(320): CodeIgniter\CodeIgniter->handleRequest(NULL, Object(Config\Cache), false)
#8 C:\Tekweb\ejurnal\public\index.php(37): CodeIgniter\CodeIgniter->run()
#9 C:\Tekweb\ejurnal\system\Commands\Server\rewrite.php(43): require_once('C:\\Tekweb\\ejurn...')
#10 {main}
CRITICAL - 2022-02-28 07:07:22 --> Undefined variable $name
#0 C:\Tekweb\ejurnal\app\Views\SM\VLSub.php(7): CodeIgniter\Debug\Exceptions->errorHandler(2, 'Undefined varia...', 'C:\\Tekweb\\ejurn...', 7)
#1 C:\Tekweb\ejurnal\system\View\View.php(210): include('C:\\Tekweb\\ejurn...')
#2 C:\Tekweb\ejurnal\system\View\View.php(213): CodeIgniter\View\View->CodeIgniter\View\{closure}()
#3 C:\Tekweb\ejurnal\system\Common.php(1089): CodeIgniter\View\View->render('SM\\VLSub', Array, true)
#4 C:\Tekweb\ejurnal\app\Controllers\SubmitManuscript.php(10): view('SM\\VLSub', Array)
#5 C:\Tekweb\ejurnal\system\CodeIgniter.php(825): App\Controllers\SubmitManuscript->ViewListSubmissions()
#6 C:\Tekweb\ejurnal\system\CodeIgniter.php(412): CodeIgniter\CodeIgniter->runController(Object(App\Controllers\SubmitManuscript))
#7 C:\Tekweb\ejurnal\system\CodeIgniter.php(320): CodeIgniter\CodeIgniter->handleRequest(NULL, Object(Config\Cache), false)
#8 C:\Tekweb\ejurnal\public\index.php(37): CodeIgniter\CodeIgniter->run()
#9 C:\Tekweb\ejurnal\system\Commands\Server\rewrite.php(43): require_once('C:\\Tekweb\\ejurn...')
#10 {main}
CRITICAL - 2022-02-28 07:09:10 --> Undefined variable $name
#0 C:\Tekweb\ejurnal\app\Views\SM\VLSub.php(7): CodeIgniter\Debug\Exceptions->errorHandler(2, 'Undefined varia...', 'C:\\Tekweb\\ejurn...', 7)
#1 C:\Tekweb\ejurnal\system\View\View.php(210): include('C:\\Tekweb\\ejurn...')
#2 C:\Tekweb\ejurnal\system\View\View.php(213): CodeIgniter\View\View->CodeIgniter\View\{closure}()
#3 C:\Tekweb\ejurnal\system\Common.php(1089): CodeIgniter\View\View->render('SM\\VLSub', Array, true)
#4 C:\Tekweb\ejurnal\app\Controllers\SubmitManuscript.php(10): view('SM\\VLSub', Array)
#5 C:\Tekweb\ejurnal\system\CodeIgniter.php(825): App\Controllers\SubmitManuscript->ViewListSubmissions()
#6 C:\Tekweb\ejurnal\system\CodeIgniter.php(412): CodeIgniter\CodeIgniter->runController(Object(App\Controllers\SubmitManuscript))
#7 C:\Tekweb\ejurnal\system\CodeIgniter.php(320): CodeIgniter\CodeIgniter->handleRequest(NULL, Object(Config\Cache), false)
#8 C:\Tekweb\ejurnal\public\index.php(37): CodeIgniter\CodeIgniter->run()
#9 C:\Tekweb\ejurnal\system\Commands\Server\rewrite.php(43): require_once('C:\\Tekweb\\ejurn...')
#10 {main}
CRITICAL - 2022-02-28 16:23:02 --> Invalid file: SM\GDAss.php
#0 C:\Tekweb\ejurnal\system\View\View.php(198): CodeIgniter\Exceptions\FrameworkException::forInvalidFile('SM\\GDAss.php')
#1 C:\Tekweb\ejurnal\system\Common.php(1089): CodeIgniter\View\View->render('SM\\GDAss', Array, true)
#2 C:\Tekweb\ejurnal\app\Controllers\ReviewManucsript.php(16): view('SM\\GDAss', Array)
#3 C:\Tekweb\ejurnal\system\CodeIgniter.php(825): App\Controllers\ReviewManucsript->GetDetailAssignment()
#4 C:\Tekweb\ejurnal\system\CodeIgniter.php(412): CodeIgniter\CodeIgniter->runController(Object(App\Controllers\ReviewManucsript))
#5 C:\Tekweb\ejurnal\system\CodeIgniter.php(320): CodeIgniter\CodeIgniter->handleRequest(NULL, Object(Config\Cache), false)
#6 C:\Tekweb\ejurnal\public\index.php(37): CodeIgniter\CodeIgniter->run()
#7 C:\Tekweb\ejurnal\system\Commands\Server\rewrite.php(43): require_once('C:\\Tekweb\\ejurn...')
#8 {main}
CRITICAL - 2022-02-28 16:23:38 --> Invalid file: SM\GDAss.php
#0 C:\Tekweb\ejurnal\system\View\View.php(198): CodeIgniter\Exceptions\FrameworkException::forInvalidFile('SM\\GDAss.php')
#1 C:\Tekweb\ejurnal\system\Common.php(1089): CodeIgniter\View\View->render('SM\\GDAss', Array, true)
#2 C:\Tekweb\ejurnal\app\Controllers\ReviewManucsript.php(16): view('SM\\GDAss', Array)
#3 C:\Tekweb\ejurnal\system\CodeIgniter.php(825): App\Controllers\ReviewManucsript->GetDetailAssignment()
#4 C:\Tekweb\ejurnal\system\CodeIgniter.php(412): CodeIgniter\CodeIgniter->runController(Object(App\Controllers\ReviewManucsript))
#5 C:\Tekweb\ejurnal\system\CodeIgniter.php(320): CodeIgniter\CodeIgniter->handleRequest(NULL, Object(Config\Cache), false)
#6 C:\Tekweb\ejurnal\public\index.php(37): CodeIgniter\CodeIgniter->run()
#7 C:\Tekweb\ejurnal\system\Commands\Server\rewrite.php(43): require_once('C:\\Tekweb\\ejurn...')
#8 {main}
CRITICAL - 2022-02-28 16:23:52 --> Invalid file: SM\GDAss.php
#0 C:\Tekweb\ejurnal\system\View\View.php(198): CodeIgniter\Exceptions\FrameworkException::forInvalidFile('SM\\GDAss.php')
#1 C:\Tekweb\ejurnal\system\Common.php(1089): CodeIgniter\View\View->render('SM\\GDAss', Array, true)
#2 C:\Tekweb\ejurnal\app\Controllers\ReviewManucsript.php(16): view('SM\\GDAss', Array)
#3 C:\Tekweb\ejurnal\system\CodeIgniter.php(825): App\Controllers\ReviewManucsript->GetDetailAssignment()
#4 C:\Tekweb\ejurnal\system\CodeIgniter.php(412): CodeIgniter\CodeIgniter->runController(Object(App\Controllers\ReviewManucsript))
#5 C:\Tekweb\ejurnal\system\CodeIgniter.php(320): CodeIgniter\CodeIgniter->handleRequest(NULL, Object(Config\Cache), false)
#6 C:\Tekweb\ejurnal\public\index.php(37): CodeIgniter\CodeIgniter->run()
#7 C:\Tekweb\ejurnal\system\Commands\Server\rewrite.php(43): require_once('C:\\Tekweb\\ejurn...')
#8 {main}
CRITICAL - 2022-02-28 16:24:53 --> Invalid file: SM\GDAss.php
#0 C:\Tekweb\ejurnal\system\View\View.php(198): CodeIgniter\Exceptions\FrameworkException::forInvalidFile('SM\\GDAss.php')
#1 C:\Tekweb\ejurnal\system\Common.php(1089): CodeIgniter\View\View->render('SM\\GDAss', Array, true)
#2 C:\Tekweb\ejurnal\app\Controllers\ReviewManucsript.php(16): view('SM\\GDAss', Array)
#3 C:\Tekweb\ejurnal\system\CodeIgniter.php(825): App\Controllers\ReviewManucsript->GetDetailAssignment()
#4 C:\Tekweb\ejurnal\system\CodeIgniter.php(412): CodeIgniter\CodeIgniter->runController(Object(App\Controllers\ReviewManucsript))
#5 C:\Tekweb\ejurnal\system\CodeIgniter.php(320): CodeIgniter\CodeIgniter->handleRequest(NULL, Object(Config\Cache), false)
#6 C:\Tekweb\ejurnal\public\index.php(37): CodeIgniter\CodeIgniter->run()
#7 C:\Tekweb\ejurnal\system\Commands\Server\rewrite.php(43): require_once('C:\\Tekweb\\ejurn...')
#8 {main}
CRITICAL - 2022-02-28 16:24:57 --> Invalid file: SM\GDAss.php
#0 C:\Tekweb\ejurnal\system\View\View.php(198): CodeIgniter\Exceptions\FrameworkException::forInvalidFile('SM\\GDAss.php')
#1 C:\Tekweb\ejurnal\system\Common.php(1089): CodeIgniter\View\View->render('SM\\GDAss', Array, true)
#2 C:\Tekweb\ejurnal\app\Controllers\ReviewManucsript.php(16): view('SM\\GDAss', Array)
#3 C:\Tekweb\ejurnal\system\CodeIgniter.php(825): App\Controllers\ReviewManucsript->GetDetailAssignment()
#4 C:\Tekweb\ejurnal\system\CodeIgniter.php(412): CodeIgniter\CodeIgniter->runController(Object(App\Controllers\ReviewManucsript))
#5 C:\Tekweb\ejurnal\system\CodeIgniter.php(320): CodeIgniter\CodeIgniter->handleRequest(NULL, Object(Config\Cache), false)
#6 C:\Tekweb\ejurnal\public\index.php(37): CodeIgniter\CodeIgniter->run()
#7 C:\Tekweb\ejurnal\system\Commands\Server\rewrite.php(43): require_once('C:\\Tekweb\\ejurn...')
#8 {main}
CRITICAL - 2022-02-28 16:25:28 --> Invalid file: SM\GDAss.php
#0 C:\Tekweb\ejurnal\system\View\View.php(198): CodeIgniter\Exceptions\FrameworkException::forInvalidFile('SM\\GDAss.php')
#1 C:\Tekweb\ejurnal\system\Common.php(1089): CodeIgniter\View\View->render('SM\\GDAss', Array, true)
#2 C:\Tekweb\ejurnal\app\Controllers\ReviewManucsript.php(16): view('SM\\GDAss', Array)
#3 C:\Tekweb\ejurnal\system\CodeIgniter.php(825): App\Controllers\ReviewManucsript->GetDetailAssignment()
#4 C:\Tekweb\ejurnal\system\CodeIgniter.php(412): CodeIgniter\CodeIgniter->runController(Object(App\Controllers\ReviewManucsript))
#5 C:\Tekweb\ejurnal\system\CodeIgniter.php(320): CodeIgniter\CodeIgniter->handleRequest(NULL, Object(Config\Cache), false)
#6 C:\Tekweb\ejurnal\public\index.php(37): CodeIgniter\CodeIgniter->run()
#7 C:\Tekweb\ejurnal\system\Commands\Server\rewrite.php(43): require_once('C:\\Tekweb\\ejurn...')
#8 {main}
