CRITICAL - 2022-03-13 03:43:20 --> Invalid file: coba1.php
#0 C:\Tekweb\ejurnal\system\View\View.php(198): CodeIgniter\Exceptions\FrameworkException::forInvalidFile('coba1.php')
#1 C:\Tekweb\ejurnal\system\Common.php(1089): CodeIgniter\View\View->render('coba1', Array, true)
#2 C:\Tekweb\ejurnal\app\Controllers\Home.php(10): view('coba1')
#3 C:\Tekweb\ejurnal\system\CodeIgniter.php(825): App\Controllers\Home->index()
#4 C:\Tekweb\ejurnal\system\CodeIgniter.php(412): CodeIgniter\CodeIgniter->runController(Object(App\Controllers\Home))
#5 C:\Tekweb\ejurnal\system\CodeIgniter.php(320): CodeIgniter\CodeIgniter->handleRequest(NULL, Object(Config\Cache), false)
#6 C:\Tekweb\ejurnal\public\index.php(37): CodeIgniter\CodeIgniter->run()
#7 C:\Tekweb\ejurnal\system\Commands\Server\rewrite.php(43): require_once('C:\\Tekweb\\ejurn...')
#8 {main}
CRITICAL - 2022-03-13 03:43:30 --> Invalid file: coba1.php
#0 C:\Tekweb\ejurnal\system\View\View.php(198): CodeIgniter\Exceptions\FrameworkException::forInvalidFile('coba1.php')
#1 C:\Tekweb\ejurnal\system\Common.php(1089): CodeIgniter\View\View->render('coba1', Array, true)
#2 C:\Tekweb\ejurnal\app\Controllers\Home.php(10): view('coba1')
#3 C:\Tekweb\ejurnal\system\CodeIgniter.php(825): App\Controllers\Home->index()
#4 C:\Tekweb\ejurnal\system\CodeIgniter.php(412): CodeIgniter\CodeIgniter->runController(Object(App\Controllers\Home))
#5 C:\Tekweb\ejurnal\system\CodeIgniter.php(320): CodeIgniter\CodeIgniter->handleRequest(NULL, Object(Config\Cache), false)
#6 C:\Tekweb\ejurnal\public\index.php(37): CodeIgniter\CodeIgniter->run()
#7 C:\Tekweb\ejurnal\system\Commands\Server\rewrite.php(43): require_once('C:\\Tekweb\\ejurn...')
#8 {main}
CRITICAL - 2022-03-13 03:43:46 --> Invalid file: coba1.php
#0 C:\Tekweb\ejurnal\system\View\View.php(198): CodeIgniter\Exceptions\FrameworkException::forInvalidFile('coba1.php')
#1 C:\Tekweb\ejurnal\system\Common.php(1089): CodeIgniter\View\View->render('coba1', Array, true)
#2 C:\Tekweb\ejurnal\app\Controllers\Home.php(10): view('coba1')
#3 C:\Tekweb\ejurnal\system\CodeIgniter.php(825): App\Controllers\Home->index()
#4 C:\Tekweb\ejurnal\system\CodeIgniter.php(412): CodeIgniter\CodeIgniter->runController(Object(App\Controllers\Home))
#5 C:\Tekweb\ejurnal\system\CodeIgniter.php(320): CodeIgniter\CodeIgniter->handleRequest(NULL, Object(Config\Cache), false)
#6 C:\Tekweb\ejurnal\public\index.php(37): CodeIgniter\CodeIgniter->run()
#7 C:\Tekweb\ejurnal\system\Commands\Server\rewrite.php(43): require_once('C:\\Tekweb\\ejurn...')
#8 {main}
CRITICAL - 2022-03-13 03:43:59 --> Invalid file: coba1.php
#0 C:\Tekweb\ejurnal\system\View\View.php(198): CodeIgniter\Exceptions\FrameworkException::forInvalidFile('coba1.php')
#1 C:\Tekweb\ejurnal\system\Common.php(1089): CodeIgniter\View\View->render('coba1', Array, true)
#2 C:\Tekweb\ejurnal\app\Controllers\Home.php(10): view('coba1')
#3 C:\Tekweb\ejurnal\system\CodeIgniter.php(825): App\Controllers\Home->index()
#4 C:\Tekweb\ejurnal\system\CodeIgniter.php(412): CodeIgniter\CodeIgniter->runController(Object(App\Controllers\Home))
#5 C:\Tekweb\ejurnal\system\CodeIgniter.php(320): CodeIgniter\CodeIgniter->handleRequest(NULL, Object(Config\Cache), false)
#6 C:\Tekweb\ejurnal\public\index.php(37): CodeIgniter\CodeIgniter->run()
#7 C:\Tekweb\ejurnal\system\Commands\Server\rewrite.php(43): require_once('C:\\Tekweb\\ejurn...')
#8 {main}
CRITICAL - 2022-03-13 04:01:07 --> Unsupported operand types: string + string
#0 C:\Tekweb\ejurnal\system\View\View.php(210): include()
#1 C:\Tekweb\ejurnal\system\View\View.php(213): CodeIgniter\View\View->CodeIgniter\View\{closure}()
#2 C:\Tekweb\ejurnal\system\Common.php(1089): CodeIgniter\View\View->render('T1Nara\\submissi...', Array, true)
#3 C:\Tekweb\ejurnal\app\Controllers\T1Nara.php(11): view('T1Nara\\submissi...')
#4 C:\Tekweb\ejurnal\system\CodeIgniter.php(825): App\Controllers\T1Nara->header()
#5 C:\Tekweb\ejurnal\system\CodeIgniter.php(412): CodeIgniter\CodeIgniter->runController(Object(App\Controllers\T1Nara))
#6 C:\Tekweb\ejurnal\system\CodeIgniter.php(320): CodeIgniter\CodeIgniter->handleRequest(NULL, Object(Config\Cache), false)
#7 C:\Tekweb\ejurnal\public\index.php(37): CodeIgniter\CodeIgniter->run()
#8 C:\Tekweb\ejurnal\system\Commands\Server\rewrite.php(43): require_once('C:\\Tekweb\\ejurn...')
#9 {main}
CRITICAL - 2022-03-13 04:05:57 --> Too few arguments to function App\Controllers\T1Nara::onClikSave(), 0 passed in C:\Tekweb\ejurnal\system\CodeIgniter.php on line 825 and exactly 1 expected
#0 C:\Tekweb\ejurnal\system\CodeIgniter.php(825): App\Controllers\T1Nara->onClikSave()
#1 C:\Tekweb\ejurnal\system\CodeIgniter.php(412): CodeIgniter\CodeIgniter->runController(Object(App\Controllers\T1Nara))
#2 C:\Tekweb\ejurnal\system\CodeIgniter.php(320): CodeIgniter\CodeIgniter->handleRequest(NULL, Object(Config\Cache), false)
#3 C:\Tekweb\ejurnal\public\index.php(37): CodeIgniter\CodeIgniter->run()
#4 C:\Tekweb\ejurnal\system\Commands\Server\rewrite.php(43): require_once('C:\\Tekweb\\ejurn...')
#5 {main}
CRITICAL - 2022-03-13 04:06:32 --> Too few arguments to function App\Controllers\T1Nara::onClikSave(), 0 passed in C:\Tekweb\ejurnal\system\CodeIgniter.php on line 825 and exactly 1 expected
#0 C:\Tekweb\ejurnal\system\CodeIgniter.php(825): App\Controllers\T1Nara->onClikSave()
#1 C:\Tekweb\ejurnal\system\CodeIgniter.php(412): CodeIgniter\CodeIgniter->runController(Object(App\Controllers\T1Nara))
#2 C:\Tekweb\ejurnal\system\CodeIgniter.php(320): CodeIgniter\CodeIgniter->handleRequest(NULL, Object(Config\Cache), false)
#3 C:\Tekweb\ejurnal\public\index.php(37): CodeIgniter\CodeIgniter->run()
#4 C:\Tekweb\ejurnal\system\Commands\Server\rewrite.php(43): require_once('C:\\Tekweb\\ejurn...')
#5 {main}
CRITICAL - 2022-03-13 04:06:56 --> Too few arguments to function App\Controllers\T1Nara::onClikSave(), 0 passed in C:\Tekweb\ejurnal\system\CodeIgniter.php on line 825 and exactly 1 expected
#0 C:\Tekweb\ejurnal\system\CodeIgniter.php(825): App\Controllers\T1Nara->onClikSave()
#1 C:\Tekweb\ejurnal\system\CodeIgniter.php(412): CodeIgniter\CodeIgniter->runController(Object(App\Controllers\T1Nara))
#2 C:\Tekweb\ejurnal\system\CodeIgniter.php(320): CodeIgniter\CodeIgniter->handleRequest(NULL, Object(Config\Cache), false)
#3 C:\Tekweb\ejurnal\public\index.php(37): CodeIgniter\CodeIgniter->run()
#4 C:\Tekweb\ejurnal\system\Commands\Server\rewrite.php(43): require_once('C:\\Tekweb\\ejurn...')
#5 {main}
